<?xml version="1.0" encoding="UTF-8" standalone="no"?>
<testsuite errors="0" failures="5" name="io.cucumber.core.plugin.JUnitFormatter" skipped="0" tests="7" time="173.788">
    <testcase classname="USzzzz Quality Demy Sign Up Test" name="Kullanici Yanlis Formatta Bilgilei Girdiginde Uyelik Hesabi Olusturamamali" time="47.184">
        <system-out><![CDATA[Given Kullanici "myUrl" ana sayfaya gider...................................passed
Then Kullanici Quality Demy Sign Up linkine tiklar..........................passed
Then Kullanici Firstname Kutusuna "yanlisIsim" girer........................passed
Then Kullanici Lastname Kutusuna "yanlisSoyisim" girer......................passed
Then Kullanici Email Kutusuna "yanlisEmail" girer...........................passed
Then Kullanici Password Kutusuna "yanlisPassword" girer.....................passed
Then Kullanici Quality Demy Sign Up Butonuna tiklar.........................passed
Then Kullanici uye hesabi olusturamadigini test eder........................passed
And Sonra da sayfayi kapatir................................................passed
]]></system-out>
    </testcase>
    <testcase classname="USzzzz Quality Demy Sign Up Test" name="Kullanici Yanlis Formatta Bilgilei Girdiginde Uyelik Hesabi Olusturamamali 2" time="25.509">
        <failure message="Keys to send should be a not null CharSequence" type="java.lang.IllegalArgumentException"><![CDATA[Given Kullanici "myUrl" ana sayfaya gider...................................passed
Then Kullanici Quality Demy Sign Up linkine tiklar..........................passed
Then Kullanici Firstname Kutusuna "yanlis2Isim" girer.......................failed
Then Kullanici Lastname Kutusuna "yanlis2Soyisim" girer.....................skipped
Then Kullanici Email Kutusuna "yanlis2Email" girer..........................skipped
Then Kullanici Password Kutusuna "yanlis2Password" girer....................skipped
Then Kullanici Quality Demy Sign Up Butonuna tiklar.........................skipped
Then Kullanici uye hesabi olusturamadigini test eder........................skipped
And Sonra da sayfayi kapatir................................................skipped

StackTrace:
java.lang.IllegalArgumentException: Keys to send should be a not null CharSequence
	at org.openqa.selenium.remote.RemoteWebElement.sendKeys(RemoteWebElement.java:98)
	at java.base/jdk.internal.reflect.DirectMethodHandleAccessor.invoke(DirectMethodHandleAccessor.java:104)
	at java.base/java.lang.reflect.Method.invoke(Method.java:577)
	at org.openqa.selenium.support.pagefactory.internal.LocatingElementHandler.invoke(LocatingElementHandler.java:52)
	at jdk.proxy2/jdk.proxy2.$Proxy24.sendKeys(Unknown Source)
	at stepdefinitions.QualityDemySignUpStepDefinitions.kullanici_firstname_kutusuna_girer(QualityDemySignUpStepDefinitions.java:22)
	at ✽.Kullanici Firstname Kutusuna "yanlis2Isim" girer(file:///C:/Users/ffyil/Desktop/com.Cucumber/src/test/resources/features/USzzzz_QualityDemySignUp.feature:8)
]]></failure>
    </testcase>
    <testcase classname="USzzzz Quality Demy Sign Up Test" name="Kullanici Yanlis Formatta Bilgilei Girdiginde Uyelik Hesabi Olusturamamali 3" time="10.52">
        <failure message="Keys to send should be a not null CharSequence" type="java.lang.IllegalArgumentException"><![CDATA[Given Kullanici "myUrl" ana sayfaya gider...................................passed
Then Kullanici Quality Demy Sign Up linkine tiklar..........................passed
Then Kullanici Firstname Kutusuna "yanlis3Isim" girer.......................failed
Then Kullanici Lastname Kutusuna "yanlis3Soyisim" girer.....................skipped
Then Kullanici Email Kutusuna "yanlis3Email" girer..........................skipped
Then Kullanici Password Kutusuna "yanlis3Password" girer....................skipped
Then Kullanici Quality Demy Sign Up Butonuna tiklar.........................skipped
Then Kullanici uye hesabi olusturamadigini test eder........................skipped
And Sonra da sayfayi kapatir................................................skipped

StackTrace:
java.lang.IllegalArgumentException: Keys to send should be a not null CharSequence
	at org.openqa.selenium.remote.RemoteWebElement.sendKeys(RemoteWebElement.java:98)
	at java.base/jdk.internal.reflect.DirectMethodHandleAccessor.invoke(DirectMethodHandleAccessor.java:104)
	at java.base/java.lang.reflect.Method.invoke(Method.java:577)
	at org.openqa.selenium.support.pagefactory.internal.LocatingElementHandler.invoke(LocatingElementHandler.java:52)
	at jdk.proxy2/jdk.proxy2.$Proxy24.sendKeys(Unknown Source)
	at stepdefinitions.QualityDemySignUpStepDefinitions.kullanici_firstname_kutusuna_girer(QualityDemySignUpStepDefinitions.java:22)
	at ✽.Kullanici Firstname Kutusuna "yanlis3Isim" girer(file:///C:/Users/ffyil/Desktop/com.Cucumber/src/test/resources/features/USzzzz_QualityDemySignUp.feature:8)
]]></failure>
    </testcase>
    <testcase classname="USzzzz Quality Demy Sign Up Test" name="Kullanici Yanlis Formatta Bilgilei Girdiginde Uyelik Hesabi Olusturamamali 4" time="10.15">
        <failure message="Keys to send should be a not null CharSequence" type="java.lang.IllegalArgumentException"><![CDATA[Given Kullanici "myUrl" ana sayfaya gider...................................passed
Then Kullanici Quality Demy Sign Up linkine tiklar..........................passed
Then Kullanici Firstname Kutusuna "yanlisIsim" girer........................passed
Then Kullanici Lastname Kutusuna "yanlis2Soyisim" girer.....................passed
Then Kullanici Email Kutusuna "dogruEmail" girer............................passed
Then Kullanici Password Kutusuna "yanlis2Password" girer....................failed
Then Kullanici Quality Demy Sign Up Butonuna tiklar.........................skipped
Then Kullanici uye hesabi olusturamadigini test eder........................skipped
And Sonra da sayfayi kapatir................................................skipped

StackTrace:
java.lang.IllegalArgumentException: Keys to send should be a not null CharSequence
	at org.openqa.selenium.remote.RemoteWebElement.sendKeys(RemoteWebElement.java:98)
	at java.base/jdk.internal.reflect.DirectMethodHandleAccessor.invoke(DirectMethodHandleAccessor.java:104)
	at java.base/java.lang.reflect.Method.invoke(Method.java:577)
	at org.openqa.selenium.support.pagefactory.internal.LocatingElementHandler.invoke(LocatingElementHandler.java:52)
	at jdk.proxy2/jdk.proxy2.$Proxy24.sendKeys(Unknown Source)
	at stepdefinitions.QualityDemySignUpStepDefinitions.kullanici_password_kutusuna_girer(QualityDemySignUpStepDefinitions.java:35)
	at ✽.Kullanici Password Kutusuna "yanlis2Password" girer(file:///C:/Users/ffyil/Desktop/com.Cucumber/src/test/resources/features/USzzzz_QualityDemySignUp.feature:11)
]]></failure>
    </testcase>
    <testcase classname="USzzzz Quality Demy Sign Up Test" name="Kullanici Yanlis Formatta Bilgilei Girdiginde Uyelik Hesabi Olusturamamali 5" time="10.025">
        <failure message="Keys to send should be a not null CharSequence" type="java.lang.IllegalArgumentException"><![CDATA[Given Kullanici "myUrl" ana sayfaya gider...................................passed
Then Kullanici Quality Demy Sign Up linkine tiklar..........................passed
Then Kullanici Firstname Kutusuna "yanlis2Isim" girer.......................failed
Then Kullanici Lastname Kutusuna "yanlis2Soyisim" girer.....................skipped
Then Kullanici Email Kutusuna "yanlisEmail" girer...........................skipped
Then Kullanici Password Kutusuna "dogruPassword" girer......................skipped
Then Kullanici Quality Demy Sign Up Butonuna tiklar.........................skipped
Then Kullanici uye hesabi olusturamadigini test eder........................skipped
And Sonra da sayfayi kapatir................................................skipped

StackTrace:
java.lang.IllegalArgumentException: Keys to send should be a not null CharSequence
	at org.openqa.selenium.remote.RemoteWebElement.sendKeys(RemoteWebElement.java:98)
	at java.base/jdk.internal.reflect.DirectMethodHandleAccessor.invoke(DirectMethodHandleAccessor.java:104)
	at java.base/java.lang.reflect.Method.invoke(Method.java:577)
	at org.openqa.selenium.support.pagefactory.internal.LocatingElementHandler.invoke(LocatingElementHandler.java:52)
	at jdk.proxy2/jdk.proxy2.$Proxy24.sendKeys(Unknown Source)
	at stepdefinitions.QualityDemySignUpStepDefinitions.kullanici_firstname_kutusuna_girer(QualityDemySignUpStepDefinitions.java:22)
	at ✽.Kullanici Firstname Kutusuna "yanlis2Isim" girer(file:///C:/Users/ffyil/Desktop/com.Cucumber/src/test/resources/features/USzzzz_QualityDemySignUp.feature:8)
]]></failure>
    </testcase>
    <testcase classname="USzzzz Quality Demy Sign Up Test" name="Kullanici Yanlis Formatta Bilgilei Girdiginde Uyelik Hesabi Olusturamamali 6" time="28.955">
        <system-out><![CDATA[Given Kullanici "myUrl" ana sayfaya gider...................................passed
Then Kullanici Quality Demy Sign Up linkine tiklar..........................passed
Then Kullanici Firstname Kutusuna "dogruIsim" girer.........................passed
Then Kullanici Lastname Kutusuna "yanlis3Soyisim" girer.....................passed
Then Kullanici Email Kutusuna "dogruEmail" girer............................passed
Then Kullanici Password Kutusuna "yanlisPassword" girer.....................passed
Then Kullanici Quality Demy Sign Up Butonuna tiklar.........................passed
Then Kullanici uye hesabi olusturamadigini test eder........................passed
And Sonra da sayfayi kapatir................................................passed
]]></system-out>
    </testcase>
    <testcase classname="USzzzz Quality Demy Sign Up Test" name="Kullanici Yanlis Formatta Bilgilei Girdiginde Uyelik Hesabi Olusturamamali 7" time="41.161">
        <failure message="no such element: Unable to locate element: {&quot;method&quot;:&quot;xpath&quot;,&quot;selector&quot;:&quot;(//button[@type='submit'])[2]&quot;}&#10;  (Session info: chrome=108.0.5359.99)&#10;For documentation on this error, please visit: https://selenium.dev/exceptions/#no_such_element&#10;Build info: version: '4.5.0', revision: 'fe167b119a'&#10;System info: os.name: 'Windows 10', os.arch: 'amd64', os.version: '10.0', java.version: '18.0.2.1'&#10;Driver info: org.openqa.selenium.chrome.ChromeDriver&#10;Command: [150b62abcf0d5208e500145d812194a1, findElement {using=xpath, value=(//button[@type='submit'])[2]}]&#10;Capabilities {acceptInsecureCerts: false, browserName: chrome, browserVersion: 108.0.5359.99, chrome: {chromedriverVersion: 108.0.5359.71 (1e0e3868ee06..., userDataDir: C:\Users\ffyil\AppData\Loca...}, goog:chromeOptions: {debuggerAddress: localhost:60975}, networkConnectionEnabled: false, pageLoadStrategy: normal, platformName: WINDOWS, proxy: Proxy(), se:cdp: ws://localhost:60975/devtoo..., se:cdpVersion: 108.0.5359.99, setWindowRect: true, strictFileInteractability: false, timeouts: {implicit: 0, pageLoad: 300000, script: 30000}, unhandledPromptBehavior: dismiss and notify, webauthn:extension:credBlob: true, webauthn:extension:largeBlob: true, webauthn:virtualAuthenticators: true}&#10;Session ID: 150b62abcf0d5208e500145d812194a1" type="org.openqa.selenium.NoSuchElementException"><![CDATA[Given Kullanici "myUrl" ana sayfaya gider...................................passed
Then Kullanici Quality Demy Sign Up linkine tiklar..........................passed
Then Kullanici Firstname Kutusuna "dogruIsim" girer.........................passed
Then Kullanici Lastname Kutusuna "dogruSoyisim" girer.......................passed
Then Kullanici Email Kutusuna "dogruEmail" girer............................passed
Then Kullanici Password Kutusuna "dogruPassword" girer......................passed
Then Kullanici Quality Demy Sign Up Butonuna tiklar.........................passed
Then Kullanici uye hesabi olusturamadigini test eder........................failed
And Sonra da sayfayi kapatir................................................skipped

StackTrace:
org.openqa.selenium.NoSuchElementException: no such element: Unable to locate element: {"method":"xpath","selector":"(//button[@type='submit'])[2]"}
  (Session info: chrome=108.0.5359.99)
For documentation on this error, please visit: https://selenium.dev/exceptions/#no_such_element
Build info: version: '4.5.0', revision: 'fe167b119a'
System info: os.name: 'Windows 10', os.arch: 'amd64', os.version: '10.0', java.version: '18.0.2.1'
Driver info: org.openqa.selenium.chrome.ChromeDriver
Command: [150b62abcf0d5208e500145d812194a1, findElement {using=xpath, value=(//button[@type='submit'])[2]}]
Capabilities {acceptInsecureCerts: false, browserName: chrome, browserVersion: 108.0.5359.99, chrome: {chromedriverVersion: 108.0.5359.71 (1e0e3868ee06..., userDataDir: C:\Users\ffyil\AppData\Loca...}, goog:chromeOptions: {debuggerAddress: localhost:60975}, networkConnectionEnabled: false, pageLoadStrategy: normal, platformName: WINDOWS, proxy: Proxy(), se:cdp: ws://localhost:60975/devtoo..., se:cdpVersion: 108.0.5359.99, setWindowRect: true, strictFileInteractability: false, timeouts: {implicit: 0, pageLoad: 300000, script: 30000}, unhandledPromptBehavior: dismiss and notify, webauthn:extension:credBlob: true, webauthn:extension:largeBlob: true, webauthn:virtualAuthenticators: true}
Session ID: 150b62abcf0d5208e500145d812194a1
	at java.base/jdk.internal.reflect.DirectConstructorHandleAccessor.newInstance(DirectConstructorHandleAccessor.java:67)
	at java.base/java.lang.reflect.Constructor.newInstanceWithCaller(Constructor.java:499)
	at java.base/java.lang.reflect.Constructor.newInstance(Constructor.java:483)
	at org.openqa.selenium.remote.codec.w3c.W3CHttpResponseCodec.createException(W3CHttpResponseCodec.java:200)
	at org.openqa.selenium.remote.codec.w3c.W3CHttpResponseCodec.decode(W3CHttpResponseCodec.java:133)
	at org.openqa.selenium.remote.codec.w3c.W3CHttpResponseCodec.decode(W3CHttpResponseCodec.java:53)
	at org.openqa.selenium.remote.HttpCommandExecutor.execute(HttpCommandExecutor.java:184)
	at org.openqa.selenium.remote.service.DriverCommandExecutor.invokeExecute(DriverCommandExecutor.java:167)
	at org.openqa.selenium.remote.service.DriverCommandExecutor.execute(DriverCommandExecutor.java:142)
	at org.openqa.selenium.remote.RemoteWebDriver.execute(RemoteWebDriver.java:547)
	at org.openqa.selenium.remote.ElementLocation$ElementFinder$2.findElement(ElementLocation.java:162)
	at org.openqa.selenium.remote.ElementLocation.findElement(ElementLocation.java:60)
	at org.openqa.selenium.remote.RemoteWebDriver.findElement(RemoteWebDriver.java:365)
	at org.openqa.selenium.remote.RemoteWebDriver.findElement(RemoteWebDriver.java:357)
	at org.openqa.selenium.support.pagefactory.DefaultElementLocator.findElement(DefaultElementLocator.java:70)
	at org.openqa.selenium.support.pagefactory.internal.LocatingElementHandler.invoke(LocatingElementHandler.java:39)
	at jdk.proxy2/jdk.proxy2.$Proxy24.isDisplayed(Unknown Source)
	at stepdefinitions.QualityDemySignUpStepDefinitions.kullanici_uye_hesabi_olusturamadigini_test_eder(QualityDemySignUpStepDefinitions.java:43)
	at ✽.Kullanici uye hesabi olusturamadigini test eder(file:///C:/Users/ffyil/Desktop/com.Cucumber/src/test/resources/features/USzzzz_QualityDemySignUp.feature:13)
]]></failure>
    </testcase>
</testsuite>
